0 info it worked if it ends with ok
1 verbose cli [ '/usr/local/bin/node',
1 verbose cli   '/usr/local/bin/npm',
1 verbose cli   'install',
1 verbose cli   'grunt-svg-min',
1 verbose cli   '--save-dev' ]
2 info using npm@1.4.28
3 info using node@v0.10.36
4 verbose readDependencies using package.json deps
5 verbose cache add [ 'grunt-svg-min', null ]
6 verbose cache add name=undefined spec="grunt-svg-min" args=["grunt-svg-min",null]
7 verbose parsed url { protocol: null,
7 verbose parsed url   slashes: null,
7 verbose parsed url   auth: null,
7 verbose parsed url   host: null,
7 verbose parsed url   port: null,
7 verbose parsed url   hostname: null,
7 verbose parsed url   hash: null,
7 verbose parsed url   search: null,
7 verbose parsed url   query: null,
7 verbose parsed url   pathname: 'grunt-svg-min',
7 verbose parsed url   path: 'grunt-svg-min',
7 verbose parsed url   href: 'grunt-svg-min' }
8 silly lockFile 7eb58305-grunt-svg-min grunt-svg-min
9 verbose lock grunt-svg-min /Users/KAC/.npm/7eb58305-grunt-svg-min.lock
10 silly lockFile 7eb58305-grunt-svg-min grunt-svg-min
11 silly lockFile 7eb58305-grunt-svg-min grunt-svg-min
12 verbose addNamed [ 'grunt-svg-min', '' ]
13 verbose addNamed [ null, '*' ]
14 silly lockFile 8dbef2d2-grunt-svg-min grunt-svg-min@
15 verbose lock grunt-svg-min@ /Users/KAC/.npm/8dbef2d2-grunt-svg-min.lock
16 silly addNameRange { name: 'grunt-svg-min', range: '*', hasData: false }
17 verbose request where is /grunt-svg-min
18 verbose request registry https://registry.npmjs.org/
19 verbose request id 76b25a70f9d45948
20 verbose url raw /grunt-svg-min
21 verbose url resolving [ 'https://registry.npmjs.org/', './grunt-svg-min' ]
22 verbose url resolved https://registry.npmjs.org/grunt-svg-min
23 verbose request where is https://registry.npmjs.org/grunt-svg-min
24 info trying registry request attempt 1 at 04:40:37
25 http GET https://registry.npmjs.org/grunt-svg-min
26 http 404 https://registry.npmjs.org/grunt-svg-min
27 verbose headers { server: 'CouchDB/1.5.0 (Erlang OTP/R16B03)',
27 verbose headers   'content-type': 'application/json',
27 verbose headers   'cache-control': 'max-age=0',
27 verbose headers   'content-length': '51',
27 verbose headers   'accept-ranges': 'bytes',
27 verbose headers   date: 'Mon, 25 May 2015 08:40:37 GMT',
27 verbose headers   via: '1.1 varnish',
27 verbose headers   age: '0',
27 verbose headers   connection: 'keep-alive',
27 verbose headers   'x-served-by': 'cache-atl6225-ATL',
27 verbose headers   'x-cache': 'MISS',
27 verbose headers   'x-cache-hits': '0',
27 verbose headers   'x-timer': 'S1432543237.771438,VS0,VE85' }
28 silly registry.get cb [ 404,
28 silly registry.get   { server: 'CouchDB/1.5.0 (Erlang OTP/R16B03)',
28 silly registry.get     'content-type': 'application/json',
28 silly registry.get     'cache-control': 'max-age=0',
28 silly registry.get     'content-length': '51',
28 silly registry.get     'accept-ranges': 'bytes',
28 silly registry.get     date: 'Mon, 25 May 2015 08:40:37 GMT',
28 silly registry.get     via: '1.1 varnish',
28 silly registry.get     age: '0',
28 silly registry.get     connection: 'keep-alive',
28 silly registry.get     'x-served-by': 'cache-atl6225-ATL',
28 silly registry.get     'x-cache': 'MISS',
28 silly registry.get     'x-cache-hits': '0',
28 silly registry.get     'x-timer': 'S1432543237.771438,VS0,VE85' } ]
29 silly lockFile 8dbef2d2-grunt-svg-min grunt-svg-min@
30 silly lockFile 8dbef2d2-grunt-svg-min grunt-svg-min@
31 error 404 404 Not Found: grunt-svg-min
31 error 404
31 error 404 'grunt-svg-min' is not in the npm registry.
31 error 404 You should bug the author to publish it
31 error 404 It was specified as a dependency of 'demo'
31 error 404
31 error 404 Note that you can also install from a
31 error 404 tarball, folder, or http url, or git url.
32 error System Darwin 14.3.0
33 error command "/usr/local/bin/node" "/usr/local/bin/npm" "install" "grunt-svg-min" "--save-dev"
34 error cwd /Users/KAC/Desktop/firebase
35 error node -v v0.10.36
36 error npm -v 1.4.28
37 error code E404
38 verbose exit [ 1, true ]
